# JRE version: OpenJDK Runtime Environment (11.0.6+10) (build 11.0.6+10-post-Ubuntu-1ubuntu118.04.1)
# Java VM: OpenJDK 64-Bit Server VM (11.0.6+10-post-Ubuntu-1ubuntu118.04.1, mixed mode, sharing, tiered, compressed oops, g1 gc, linux-amd64)
Heap:
 garbage-first heap   total 266240K, used 156227K [0x0000000085a00000, 0x0000000100000000)
  region size 1024K, 136 young (139264K), 17 survivors (17408K)
 Metaspace       used 70288K, capacity 72381K, committed 72612K, reserved 1112064K
  class space    used 9516K, capacity 10338K, committed 10368K, reserved 1048576K
GC Heap History (20 events):
Event: 3,333 GC heap before
{Heap before GC invocations=6 (full 0):
 garbage-first heap   total 162816K, used 14255K [0x0000000085a00000, 0x0000000100000000)
  region size 1024K, 7 young (7168K), 6 survivors (6144K)
 Metaspace       used 20330K, capacity 21153K, committed 21296K, reserved 1067008K
  class space    used 2599K, capacity 2934K, committed 2944K, reserved 1048576K
}
Event: 3,343 GC heap after
{Heap after GC invocations=7 (full 0):
 garbage-first heap   total 162816K, used 14211K [0x0000000085a00000, 0x0000000100000000)
  region size 1024K, 6 young (6144K), 6 survivors (6144K)
 Metaspace       used 20330K, capacity 21153K, committed 21296K, reserved 1067008K
  class space    used 2599K, capacity 2934K, committed 2944K, reserved 1048576K
}
Event: 3,703 GC heap before
{Heap before GC invocations=8 (full 0):
 garbage-first heap   total 162816K, used 99203K [0x0000000085a00000, 0x0000000100000000)
  region size 1024K, 90 young (92160K), 6 survivors (6144K)
 Metaspace       used 23457K, capacity 24295K, committed 24496K, reserved 1071104K
  class space    used 2930K, capacity 3274K, committed 3328K, reserved 1048576K
}
Event: 3,731 GC heap after
{Heap after GC invocations=9 (full 0):
 garbage-first heap   total 162816K, used 15004K [0x0000000085a00000, 0x0000000100000000)
  region size 1024K, 7 young (7168K), 7 survivors (7168K)
 Metaspace       used 23457K, capacity 24295K, committed 24496K, reserved 1071104K
  class space    used 2930K, capacity 3274K, committed 3328K, reserved 1048576K
}
Event: 4,570 GC heap before
{Heap before GC invocations=9 (full 0):
 garbage-first heap   total 162816K, used 104092K [0x0000000085a00000, 0x0000000100000000)
  region size 1024K, 95 young (97280K), 7 survivors (7168K)
 Metaspace       used 26788K, capacity 27752K, committed 28080K, reserved 1073152K
  class space    used 3353K, capacity 3735K, committed 3840K, reserved 1048576K
}
Event: 4,586 GC heap after
{Heap after GC invocations=10 (full 0):
 garbage-first heap   total 221184K, used 16332K [0x0000000085a00000, 0x0000000100000000)
  region size 1024K, 8 young (8192K), 8 survivors (8192K)
 Metaspace       used 26788K, capacity 27752K, committed 28080K, reserved 1073152K
  class space    used 3353K, capacity 3735K, committed 3840K, reserved 1048576K
}
Event: 6,024 GC heap before
{Heap before GC invocations=10 (full 0):
 garbage-first heap   total 221184K, used 140236K [0x0000000085a00000, 0x0000000100000000)
  region size 1024K, 129 young (132096K), 8 survivors (8192K)
 Metaspace       used 33047K, capacity 34233K, committed 34480K, reserved 1079296K
  class space    used 4285K, capacity 4749K, committed 4864K, reserved 1048576K
}
Event: 6,040 GC heap after
{Heap after GC invocations=11 (full 0):
 garbage-first heap   total 221184K, used 19196K [0x0000000085a00000, 0x0000000100000000)
  region size 1024K, 11 young (11264K), 11 survivors (11264K)
 Metaspace       used 33047K, capacity 34233K, committed 34480K, reserved 1079296K
  class space    used 4285K, capacity 4749K, committed 4864K, reserved 1048576K
}
Event: 6,279 GC heap before
{Heap before GC invocations=11 (full 0):
 garbage-first heap   total 221184K, used 44796K [0x0000000085a00000, 0x0000000100000000)
  region size 1024K, 37 young (37888K), 11 survivors (11264K)
 Metaspace       used 34334K, capacity 35481K, committed 35632K, reserved 1079296K
  class space    used 4437K, capacity 4885K, committed 4992K, reserved 1048576K
}
Event: 6,303 GC heap after
{Heap after GC invocations=12 (full 0):
 garbage-first heap   total 221184K, used 20463K [0x0000000085a00000, 0x0000000100000000)
  region size 1024K, 9 young (9216K), 9 survivors (9216K)
 Metaspace       used 34334K, capacity 35481K, committed 35632K, reserved 1079296K
  class space    used 4437K, capacity 4885K, committed 4992K, reserved 1048576K
}
Event: 7,340 GC heap before
{Heap before GC invocations=13 (full 0):
 garbage-first heap   total 221184K, used 143343K [0x0000000085a00000, 0x0000000100000000)
  region size 1024K, 129 young (132096K), 9 survivors (9216K)
 Metaspace       used 42957K, capacity 44184K, committed 44744K, reserved 1087488K
  class space    used 5710K, capacity 6185K, committed 6272K, reserved 1048576K
}
Event: 7,358 GC heap after
{Heap after GC invocations=14 (full 0):
 garbage-first heap   total 221184K, used 22028K [0x0000000085a00000, 0x0000000100000000)
  region size 1024K, 11 young (11264K), 11 survivors (11264K)
 Metaspace       used 42957K, capacity 44184K, committed 44744K, reserved 1087488K
  class space    used 5710K, capacity 6185K, committed 6272K, reserved 1048576K
}
Event: 8,172 GC heap before
{Heap before GC invocations=14 (full 0):
 garbage-first heap   total 221184K, used 142860K [0x0000000085a00000, 0x0000000100000000)
  region size 1024K, 129 young (132096K), 11 survivors (11264K)
 Metaspace       used 50915K, capacity 52218K, committed 52808K, reserved 1095680K
  class space    used 6856K, capacity 7342K, committed 7424K, reserved 1048576K
}
Event: 8,193 GC heap after
{Heap after GC invocations=15 (full 0):
 garbage-first heap   total 266240K, used 23584K [0x0000000085a00000, 0x0000000100000000)
  region size 1024K, 10 young (10240K), 10 survivors (10240K)
 Metaspace       used 50915K, capacity 52218K, committed 52808K, reserved 1095680K
  class space    used 6856K, capacity 7342K, committed 7424K, reserved 1048576K
}
Event: 9,331 GC heap before
{Heap before GC invocations=15 (full 0):
 garbage-first heap   total 266240K, used 173088K [0x0000000085a00000, 0x0000000100000000)
  region size 1024K, 156 young (159744K), 10 survivors (10240K)
 Metaspace       used 58151K, capacity 59828K, committed 60068K, reserved 1101824K
  class space    used 7832K, capacity 8489K, committed 8576K, reserved 1048576K
}
Event: 9,350 GC heap after
{Heap after GC invocations=16 (full 0):
 garbage-first heap   total 266240K, used 28819K [0x0000000085a00000, 0x0000000100000000)
  region size 1024K, 15 young (15360K), 15 survivors (15360K)
 Metaspace       used 58151K, capacity 59828K, committed 60068K, reserved 1101824K
  class space    used 7832K, capacity 8489K, committed 8576K, reserved 1048576K
}
Event: 9,368 GC heap before
{Heap before GC invocations=16 (full 0):
 garbage-first heap   total 266240K, used 29843K [0x0000000085a00000, 0x0000000100000000)
  region size 1024K, 17 young (17408K), 15 survivors (15360K)
 Metaspace       used 58255K, capacity 59896K, committed 60068K, reserved 1101824K
  class space    used 7845K, capacity 8491K, committed 8576K, reserved 1048576K
}
Event: 9,383 GC heap after
{Heap after GC invocations=17 (full 0):
 garbage-first heap   total 266240K, used 28762K [0x0000000085a00000, 0x0000000100000000)
  region size 1024K, 10 young (10240K), 10 survivors (10240K)
 Metaspace       used 58255K, capacity 59896K, committed 60068K, reserved 1101824K
  class space    used 7845K, capacity 8491K, committed 8576K, reserved 1048576K
}
Event: 10,874 GC heap before
{Heap before GC invocations=18 (full 0):
 garbage-first heap   total 266240K, used 178266K [0x0000000085a00000, 0x0000000100000000)
  region size 1024K, 156 young (159744K), 10 survivors (10240K)
 Metaspace       used 62192K, capacity 64080K, committed 64292K, reserved 1103872K
  class space    used 8448K, capacity 9195K, committed 9216K, reserved 1048576K
}
Event: 10,901 GC heap after
{Heap after GC invocations=19 (full 0):
 garbage-first heap   total 266240K, used 35395K [0x0000000085a00000, 0x0000000100000000)
  region size 1024K, 17 young (17408K), 17 survivors (17408K)
 Metaspace       used 62192K, capacity 64080K, committed 64292K, reserved 1103872K
  class space    used 8448K, capacity 9195K, committed 9216K, reserved 1048576K
}

